2026-03-10T14:41:12.917900Z  INFO tailwindcss_oxide::scanner: Provided sources:
2026-03-10T14:41:12.918168Z  INFO tailwindcss_oxide::scanner: Source: PublicSourceEntry { base: "/Users/banseiyuuji/fukusen-lab", pattern: "**/*", negated: false }
2026-03-10T14:41:12.918207Z  INFO tailwindcss_oxide::scanner: Optimized sources:
2026-03-10T14:41:12.918212Z  INFO tailwindcss_oxide::scanner: Source: Auto { base: "/Users/banseiyuuji/fukusen-lab" }
2026-03-10T14:41:12.918909Z  INFO discover_sources: tailwindcss_oxide::scanner: enter
2026-03-10T14:41:12.918934Z  INFO discover_sources:walk_synchronous: tailwindcss_oxide::scanner: enter
2026-03-10T14:41:12.920007Z  INFO discover_sources:walk_synchronous: tailwindcss_oxide::scanner: exit
2026-03-10T14:41:12.920184Z  INFO tailwindcss_oxide::scanner: Reading "/Users/banseiyuuji/fukusen-lab/src/components/Header.tsx"
2026-03-10T14:41:12.920197Z  INFO tailwindcss_oxide::scanner: Reading "/Users/banseiyuuji/fukusen-lab/tasks/todo.md"
2026-03-10T14:41:12.920223Z  INFO tailwindcss_oxide::scanner: Reading "/Users/banseiyuuji/fukusen-lab/src/components/Sidebar.tsx"
2026-03-10T14:41:12.920232Z  INFO tailwindcss_oxide::scanner: Reading "/Users/banseiyuuji/fukusen-lab/postcss.config.mjs"
2026-03-10T14:41:12.920251Z  INFO tailwindcss_oxide::scanner: Reading "/Users/banseiyuuji/fukusen-lab/src/components/AffiliateWidget.tsx"
2026-03-10T14:41:12.920223Z  INFO tailwindcss_oxide::scanner: Reading "/Users/banseiyuuji/fukusen-lab/src/data/articles/naruto.ts"
2026-03-10T14:41:12.920269Z  INFO tailwindcss_oxide::scanner: Reading "/Users/banseiyuuji/fukusen-lab/README.md"
2026-03-10T14:41:12.920278Z  INFO tailwindcss_oxide::scanner: Reading "/Users/banseiyuuji/fukusen-lab/src/lib/articles.ts"
2026-03-10T14:41:12.920315Z  INFO tailwindcss_oxide::scanner: Reading "/Users/banseiyuuji/fukusen-lab/src/data/articles/tokyo-ghoul.ts"
2026-03-10T14:41:12.920297Z  INFO tailwindcss_oxide::scanner: Reading "/Users/banseiyuuji/fukusen-lab/src/data/articles/dr-stone.ts"
2026-03-10T14:41:12.920360Z  INFO tailwindcss_oxide::scanner: Reading "/Users/banseiyuuji/fukusen-lab/src/data/articles/jojos-bizarre-adventure.ts"
2026-03-10T14:41:12.920348Z  INFO tailwindcss_oxide::scanner: Reading "/Users/banseiyuuji/fukusen-lab/src/data/articles/fullmetal-alchemist.ts"
2026-03-10T14:41:12.920347Z  INFO tailwindcss_oxide::scanner: Reading "/Users/banseiyuuji/fukusen-lab/src/data/articles/jujutsu-kaisen.ts"
2026-03-10T14:41:12.920421Z  INFO tailwindcss_oxide::scanner: Reading "/Users/banseiyuuji/fukusen-lab/src/data/articles/world-trigger.ts"
2026-03-10T14:41:12.920436Z  INFO tailwindcss_oxide::scanner: Reading "/Users/banseiyuuji/fukusen-lab/src/data/articles/chainsaw-man.ts"
2026-03-10T14:41:12.920312Z  INFO tailwindcss_oxide::scanner: Reading "/Users/banseiyuuji/fukusen-lab/src/lib/types.ts"
2026-03-10T14:41:12.920465Z  INFO tailwindcss_oxide::scanner: Reading "/Users/banseiyuuji/fukusen-lab/src/data/articles/kingdom.ts"
2026-03-10T14:41:12.920401Z  INFO tailwindcss_oxide::scanner: Reading "/Users/banseiyuuji/fukusen-lab/src/data/manga.ts"
2026-03-10T14:41:12.920424Z  INFO tailwindcss_oxide::scanner: Reading "/Users/banseiyuuji/fukusen-lab/src/data/articles/death-note.ts"
2026-03-10T14:41:12.920501Z  INFO tailwindcss_oxide::scanner: Reading "/Users/banseiyuuji/fukusen-lab/src/data/articles/promised-neverland.ts"
2026-03-10T14:41:12.920441Z  INFO tailwindcss_oxide::scanner: Reading "/Users/banseiyuuji/fukusen-lab/src/data/articles/my-hero-academia.ts"
2026-03-10T14:41:12.920345Z  INFO tailwindcss_oxide::scanner: Reading "/Users/banseiyuuji/fukusen-lab/public/file.svg"
2026-03-10T14:41:12.920536Z  INFO tailwindcss_oxide::scanner: Reading "/Users/banseiyuuji/fukusen-lab/next.config.ts"
2026-03-10T14:41:12.920380Z  INFO tailwindcss_oxide::scanner: Reading "/Users/banseiyuuji/fukusen-lab/src/data/articles/detective-conan.ts"
2026-03-10T14:41:12.920470Z  INFO tailwindcss_oxide::scanner: Reading "/Users/banseiyuuji/fukusen-lab/src/data/articles/attack-on-titan.ts"
2026-03-10T14:41:12.920491Z  INFO tailwindcss_oxide::scanner: Reading "/Users/banseiyuuji/fukusen-lab/src/data/articles/hunter-x-hunter.ts"
2026-03-10T14:41:12.920441Z  INFO tailwindcss_oxide::scanner: Reading "/Users/banseiyuuji/fukusen-lab/src/data/articles/frieren.ts"
2026-03-10T14:41:12.920602Z  INFO tailwindcss_oxide::scanner: Reading "/Users/banseiyuuji/fukusen-lab/src/app/not-found.tsx"
2026-03-10T14:41:12.920526Z  INFO tailwindcss_oxide::scanner: Reading "/Users/banseiyuuji/fukusen-lab/src/data/articles/demon-slayer.ts"
2026-03-10T14:41:12.920380Z  INFO tailwindcss_oxide::scanner: Reading "/Users/banseiyuuji/fukusen-lab/src/data/articles/bleach.ts"
2026-03-10T14:41:12.920508Z  INFO tailwindcss_oxide::scanner: Reading "/Users/banseiyuuji/fukusen-lab/src/data/affiliates.ts"
2026-03-10T14:41:12.920543Z  INFO tailwindcss_oxide::scanner: Reading "/Users/banseiyuuji/fukusen-lab/src/data/articles/spy-x-family.ts"
2026-03-10T14:41:12.920649Z  INFO tailwindcss_oxide::scanner: Reading "/Users/banseiyuuji/fukusen-lab/package.json"
2026-03-10T14:41:12.920601Z  INFO tailwindcss_oxide::scanner: Reading "/Users/banseiyuuji/fukusen-lab/src/app/category/[slug]/page.tsx"
2026-03-10T14:41:12.920665Z  INFO tailwindcss_oxide::scanner: Reading "/Users/banseiyuuji/fukusen-lab/eslint.config.mjs"
2026-03-10T14:41:12.920618Z  INFO tailwindcss_oxide::scanner: Reading "/Users/banseiyuuji/fukusen-lab/public/next.svg"
2026-03-10T14:41:12.920629Z  INFO tailwindcss_oxide::scanner: Reading "/Users/banseiyuuji/fukusen-lab/public/window.svg"
2026-03-10T14:41:12.920687Z  INFO tailwindcss_oxide::scanner: Reading "/Users/banseiyuuji/fukusen-lab/src/app/manga/[slug]/page.tsx"
2026-03-10T14:41:12.920696Z  INFO tailwindcss_oxide::scanner: Reading "/Users/banseiyuuji/fukusen-lab/public/vercel.svg"
2026-03-10T14:41:12.920703Z  INFO tailwindcss_oxide::scanner: Reading "/Users/banseiyuuji/fukusen-lab/public/robots.txt"
2026-03-10T14:41:12.920712Z  INFO tailwindcss_oxide::scanner: Reading "/Users/banseiyuuji/fukusen-lab/src/app/sitemap.ts"
2026-03-10T14:41:12.920719Z  INFO tailwindcss_oxide::scanner: Reading "/Users/banseiyuuji/fukusen-lab/src/app/article/[slug]/page.tsx"
2026-03-10T14:41:12.920589Z  INFO tailwindcss_oxide::scanner: Reading "/Users/banseiyuuji/fukusen-lab/src/data/articles/one-piece.ts"
2026-03-10T14:41:12.920571Z  INFO tailwindcss_oxide::scanner: Reading "/Users/banseiyuuji/fukusen-lab/public/ads.txt"
2026-03-10T14:41:12.920712Z  INFO tailwindcss_oxide::scanner: Reading "/Users/banseiyuuji/fukusen-lab/public/globe.svg"
2026-03-10T14:41:12.920751Z  INFO tailwindcss_oxide::scanner: Reading "/Users/banseiyuuji/fukusen-lab/src/components/GoogleAd.tsx"
2026-03-10T14:41:12.920627Z  INFO tailwindcss_oxide::scanner: Reading "/Users/banseiyuuji/fukusen-lab/src/components/ArticleCard.tsx"
2026-03-10T14:41:12.920735Z  INFO tailwindcss_oxide::scanner: Reading "/Users/banseiyuuji/fukusen-lab/src/app/layout.tsx"
2026-03-10T14:41:12.920787Z  INFO tailwindcss_oxide::scanner: Reading "/Users/banseiyuuji/fukusen-lab/src/components/Footer.tsx"
2026-03-10T14:41:12.920648Z  INFO tailwindcss_oxide::scanner: Reading "/Users/banseiyuuji/fukusen-lab/tsconfig.json"
2026-03-10T14:41:12.920663Z  INFO tailwindcss_oxide::scanner: Reading "/Users/banseiyuuji/fukusen-lab/src/components/CommentSection.tsx"
2026-03-10T14:41:12.920673Z  INFO tailwindcss_oxide::scanner: Reading "/Users/banseiyuuji/fukusen-lab/src/components/AdBanner.tsx"
2026-03-10T14:41:12.920723Z  INFO tailwindcss_oxide::scanner: Reading "/Users/banseiyuuji/fukusen-lab/src/app/page.tsx"
2026-03-10T14:41:12.920789Z  INFO tailwindcss_oxide::scanner: Reading "/Users/banseiyuuji/fukusen-lab/src/components/MangaProductCard.tsx"
2026-03-10T14:41:12.920991Z  INFO discover_sources: tailwindcss_oxide::scanner: exit
2026-03-10T14:41:12.921001Z  INFO extract_candidates: tailwindcss_oxide::scanner: enter
2026-03-10T14:41:12.921004Z  INFO extract_candidates:parse_all_blobs: tailwindcss_oxide::scanner: enter
2026-03-10T14:41:12.921007Z  INFO extract_candidates:parse_all_blobs:extract: tailwindcss_oxide::scanner: enter
2026-03-10T14:41:12.922366Z  INFO extract_candidates:parse_all_blobs:extract: tailwindcss_oxide::scanner: exit
2026-03-10T14:41:12.922399Z  INFO extract_candidates:parse_all_blobs: tailwindcss_oxide::scanner: exit
2026-03-10T14:41:12.922405Z  INFO extract_candidates:read_all_files: tailwindcss_oxide::scanner: enter
2026-03-10T14:41:12.922413Z  INFO extract_candidates:read_all_files: tailwindcss_oxide::scanner: Reading 1 file(s)
2026-03-10T14:41:12.922455Z  INFO extract_candidates:read_all_files: tailwindcss_oxide::scanner: Reading "/Users/banseiyuuji/fukusen-lab/src/app/globals.css"
2026-03-10T14:41:12.922470Z  INFO extract_candidates:read_all_files: tailwindcss_oxide::scanner: exit
2026-03-10T14:41:12.922474Z  INFO extract_candidates:extract_css_variables: tailwindcss_oxide::scanner: enter
2026-03-10T14:41:12.922477Z  INFO extract_candidates:extract_css_variables:extract: tailwindcss_oxide::scanner: enter
2026-03-10T14:41:12.922618Z  INFO extract_candidates:extract_css_variables:extract: tailwindcss_oxide::scanner: exit
2026-03-10T14:41:12.922633Z  INFO extract_candidates:extract_css_variables: tailwindcss_oxide::scanner: exit
2026-03-10T14:41:12.922920Z  INFO extract_candidates: tailwindcss_oxide::scanner: exit
2026-03-10T14:41:12.923208Z  INFO get_files: tailwindcss_oxide::scanner: enter
2026-03-10T14:41:12.923215Z  INFO get_files:discover_sources: tailwindcss_oxide::scanner: enter
2026-03-10T14:41:12.923219Z  INFO get_files:discover_sources: tailwindcss_oxide::scanner: exit
2026-03-10T14:41:12.923427Z  INFO get_files: tailwindcss_oxide::scanner: exit
2026-03-10T14:41:12.923526Z  INFO get_globs: tailwindcss_oxide::scanner: enter
2026-03-10T14:41:12.923531Z  INFO get_globs:discover_sources: tailwindcss_oxide::scanner: enter
2026-03-10T14:41:12.923535Z  INFO get_globs:discover_sources: tailwindcss_oxide::scanner: exit
2026-03-10T14:41:12.925263Z  INFO get_globs: tailwindcss_oxide::scanner: exit
